<?xml version="1.0" encoding="UTF-8"?>
<!-- Generated by org.testng.reporters.JUnitReportReporter -->
<testsuite hostname="Mac.lan" failures="0" tests="1" name="com.tekarch.dbtesting.SchemaValidationTest" time="3.839" errors="0" timestamp="2025-06-21T18:35:19 PDT" skipped="0">
  <testcase classname="com.tekarch.dbtesting.SchemaValidationTest" name="schemaTest" time="3.839"/>
</testsuite> <!-- com.tekarch.dbtesting.SchemaValidationTest -->
