<?xml version="1.0" encoding="UTF-8"?>
<!-- Generated by org.testng.reporters.JUnitReportReporter -->
<testsuite hostname="Mac.lan" failures="0" tests="3" name="com.tekarch.dbtesting.DBAPIAssignment" time="36.809" errors="0" timestamp="2025-06-21T09:56:27 PDT" skipped="0">
  <testcase classname="com.tekarch.dbtesting.DBAPIAssignment" name="checkAPI" time="6.236"/>
  <testcase classname="com.tekarch.dbtesting.DBAPIAssignment" name="checkDBForAddedProject" time="8.579"/>
  <testcase classname="com.tekarch.dbtesting.DBAPIAssignment" name="uiApiDbTest" time="21.994"/>
</testsuite> <!-- com.tekarch.dbtesting.DBAPIAssignment -->
