<?xml version="1.0" encoding="UTF-8"?>
<!-- Generated by org.testng.reporters.JUnitReportReporter -->
<testsuite hostname="Mac.lan" failures="0" tests="3" name="com.tekarch.dbtesting.DBAPIAssignment" time="37.980" errors="0" timestamp="2025-06-30T05:22:41 PDT" skipped="0">
  <testcase classname="com.tekarch.dbtesting.DBAPIAssignment" name="checkDBForAddedProject" time="9.060"/>
  <testcase classname="com.tekarch.dbtesting.DBAPIAssignment" name="checkAPI" time="7.041"/>
  <testcase classname="com.tekarch.dbtesting.DBAPIAssignment" name="uiApiDbTest" time="21.879"/>
</testsuite> <!-- com.tekarch.dbtesting.DBAPIAssignment -->
