<?xml version="1.0" encoding="UTF-8"?>
<!-- Generated by org.testng.reporters.JUnitReportReporter -->
<testsuite hostname="Mac.lan" failures="0" tests="1" name="com.tekarch.dbtesting.GoogleFinancePage" time="31.676" errors="0" timestamp="2025-06-18T00:55:49 PDT" skipped="0">
  <testcase classname="com.tekarch.dbtesting.GoogleFinancePage" name="getStocks" time="31.676"/>
</testsuite> <!-- com.tekarch.dbtesting.GoogleFinancePage -->
